<?xml version="1.0" encoding="UTF-8"?>
<!-- Generated by org.testng.reporters.JUnitXMLReporter -->
<testsuite ignored="0" hostname="LAPTOP-0T7QINT9" failures="0" tests="7" name="Surefire test" time="0.062" errors="0" timestamp="2024-01-10T09:20:40 IST">
  <testcase classname="adv_sel.Mvn_CommandTest" name="one" time="0.0"/>
  <testcase classname="adv_sel.Mvn_CommandTest" name="threeTest" time="0.016"/>
  <testcase classname="adv_sel.Mvn_CommandTest" name="twoTest" time="0.0"/>
  <testcase classname="adv_sel.Mvn_command_Test" name="command2Test" time="0.0"/>
  <testcase classname="adv_sel.Mvn_command_Test" name="command3Test" time="0.0"/>
  <testcase classname="adv_sel.Mvn_command_Test" name="command4Test" time="0.0"/>
  <testcase classname="adv_sel.Mvn_command_Test" name="mvnCommandTest" time="0.0"/>
</testsuite> <!-- Surefire test -->
