<?xml version="1.0" encoding="UTF-8"?>
<!-- Generated by org.testng.reporters.JUnitXMLReporter -->
<testsuite ignored="0" hostname="LAPTOP-0T7QINT9" failures="0" tests="4" name="Default test" time="0.057" errors="0" timestamp="2024-01-09T18:01:00 IST">
  <testcase classname="adv_sel.Mvn_command_Test" name="command2Test" time="0.011"/>
  <testcase classname="adv_sel.Mvn_command_Test" name="command3Test" time="0.001"/>
  <testcase classname="adv_sel.Mvn_command_Test" name="command4Test" time="0.001"/>
  <testcase classname="adv_sel.Mvn_command_Test" name="mvnCommandTest" time="0.002"/>
</testsuite> <!-- Default test -->
