<?xml version="1.0" encoding="UTF-8"?>
<testng-results ignored="0" total="7" passed="7" failed="0" skipped="0">
  <reporter-output>
  </reporter-output>
  <suite started-at="2024-01-10T09:20:40 IST" name="Surefire suite" finished-at="2024-01-10T09:20:40 IST" duration-ms="62">
    <groups>
    </groups>
    <test started-at="2024-01-10T09:20:40 IST" name="Surefire test" finished-at="2024-01-10T09:20:40 IST" duration-ms="62">
      <class name="adv_sel.Mvn_CommandTest">
        <test-method signature="one()[pri:0, instance:adv_sel.Mvn_CommandTest@47542153]" started-at="2024-01-10T09:20:40 IST" name="one" finished-at="2024-01-10T09:20:40 IST" duration-ms="0" status="PASS">
          <reporter-output>
          </reporter-output>
        </test-method> <!-- one -->
        <test-method signature="threeTest()[pri:0, instance:adv_sel.Mvn_CommandTest@47542153]" started-at="2024-01-10T09:20:40 IST" name="threeTest" finished-at="2024-01-10T09:20:40 IST" duration-ms="16" status="PASS">
          <reporter-output>
          </reporter-output>
        </test-method> <!-- threeTest -->
        <test-method signature="twoTest()[pri:0, instance:adv_sel.Mvn_CommandTest@47542153]" started-at="2024-01-10T09:20:40 IST" name="twoTest" finished-at="2024-01-10T09:20:40 IST" duration-ms="0" status="PASS">
          <reporter-output>
          </reporter-output>
        </test-method> <!-- twoTest -->
      </class> <!-- adv_sel.Mvn_CommandTest -->
      <class name="adv_sel.Mvn_command_Test">
        <test-method signature="mvnCommandTest()[pri:0, instance:adv_sel.Mvn_command_Test@63a65a25]" started-at="2024-01-10T09:20:40 IST" name="mvnCommandTest" finished-at="2024-01-10T09:20:40 IST" duration-ms="0" status="PASS">
          <reporter-output>
          </reporter-output>
        </test-method> <!-- mvnCommandTest -->
        <test-method signature="command2Test()[pri:0, instance:adv_sel.Mvn_command_Test@63a65a25]" started-at="2024-01-10T09:20:40 IST" name="command2Test" finished-at="2024-01-10T09:20:40 IST" duration-ms="0" status="PASS">
          <reporter-output>
          </reporter-output>
        </test-method> <!-- command2Test -->
        <test-method signature="command3Test()[pri:0, instance:adv_sel.Mvn_command_Test@63a65a25]" started-at="2024-01-10T09:20:40 IST" name="command3Test" finished-at="2024-01-10T09:20:40 IST" duration-ms="0" status="PASS">
          <reporter-output>
          </reporter-output>
        </test-method> <!-- command3Test -->
        <test-method signature="command4Test()[pri:0, instance:adv_sel.Mvn_command_Test@63a65a25]" started-at="2024-01-10T09:20:40 IST" name="command4Test" finished-at="2024-01-10T09:20:40 IST" duration-ms="0" status="PASS">
          <reporter-output>
          </reporter-output>
        </test-method> <!-- command4Test -->
      </class> <!-- adv_sel.Mvn_command_Test -->
    </test> <!-- Surefire test -->
  </suite> <!-- Surefire suite -->
</testng-results>
